total time: 1101.3979847431183
parallel time: 902.1806428432465
sequential time: 199.21734189987183
parallel portion: 0.8191232010050066
sequential portion: 0.1808767989949934
block 1 (parse arguments)     : 0.055280447006225586
block 2 (get filenames)       : 2.7716989517211914
block 3 (get content of files): 541.8328969478607
block 4 (count the occurences): 360.34774589538574
block 5 (merge the occurences): 196.3903625011444
Top10 words (occurence)
the: 148499457
of: 89408738
and: 72120653
to: 61762640
a: 51211506
in: 44714455
that: 24646774
was: 24224366
is: 19939759
I: 19103566
Checksum: 14880058115
