total time: 901.8948836326599
parallel time: 613.4689898490906
sequential time: 288.42589378356934
parallel portion: 0.6802000997922895
sequential portion: 0.31979990020771054
block 1 (get content of files): 246.78477478027344
block 2 (count the occurences): 366.68421506881714
block 3 (merge the occurences): 288.42589378356934
Top10 words (occurence)
the: 148499457
of: 89408738
and: 72120653
to: 61762640
a: 51211506
in: 44714455
that: 24646774
was: 24224366
is: 19939759
I: 19103566
Checksum: 14880058115
