[DEBUG] Process 3074724 to find filenames
[DEBUG] Process 3074724 populated the filenames queue
[DEBUG] Process 3074757 entered count_words_in_file
[DEBUG] Process 3074757 waiting for filename...
[DEBUG] Process 3074758 entered count_words_in_file
[DEBUG] Process 3074756 entered count_words_in_file
[DEBUG] Process 3074759 entered count_words_in_file
[DEBUG] Process 3074758 waiting for filename...
[DEBUG] Process 3074756 waiting for filename...
[DEBUG] Process 3074759 waiting for filename...
[DEBUG] Process 3074757 got data/tiny/pg1513.txt
[DEBUG] Process 3074758 got data/tiny/pg1513.txt
[DEBUG] Process 3074756 got data/tiny/pg1513.txt
[DEBUG] Process 3074759 got data/tiny/pg1513.txt
[DEBUG] Process 3074756 appended to wordcount_queue
[DEBUG] Process 3074757 appended to wordcount_queue
[DEBUG] Process 3074756 waiting for filename...
[DEBUG] Process 3074757 waiting for filename...
[DEBUG] Process 3074756 got data/tiny/pg26184.txt
[DEBUG] Process 3074757 got data/tiny/pg26184.txt
[DEBUG] Process 3074758 appended to wordcount_queue
[DEBUG] Process 3074758 waiting for filename...
[DEBUG] Process 3074758 got data/tiny/pg26184.txt
[DEBUG] Process 3074759 appended to wordcount_queue
[DEBUG] Process 3074759 waiting for filename...
[DEBUG] Process 3074759 got data/tiny/pg26184.txt
[DEBUG] Process 3074759 appended to wordcount_queue
[DEBUG] Process 3074758 appended to wordcount_queue
[DEBUG] Process 3074759 waiting for filename...
[DEBUG] Process 3074758 waiting for filename...
[DEBUG] Process 3074759 got data/tiny/pg11.txt
[DEBUG] Process 3074758 got data/tiny/pg11.txt
[DEBUG] Process 3074756 appended to wordcount_queue
[DEBUG] Process 3074756 waiting for filename...
[DEBUG] Process 3074756 got data/tiny/pg11.txt
[DEBUG] Process 3074757 appended to wordcount_queue
[DEBUG] Process 3074757 waiting for filename...
[DEBUG] Process 3074757 got data/tiny/pg11.txt
[DEBUG] Process 3074759 appended to wordcount_queue
[DEBUG] Process 3074759 waiting for filename...
[DEBUG] Process 3074759 got data/tiny/pg2701.txt
[DEBUG] Process 3074758 appended to wordcount_queue
[DEBUG] Process 3074758 waiting for filename...
[DEBUG] Process 3074758 got data/tiny/pg2701.txt
[DEBUG] Process 3074756 appended to wordcount_queue
[DEBUG] Process 3074756 waiting for filename...
[DEBUG] Process 3074756 got data/tiny/pg2701.txt
[DEBUG] Process 3074757 appended to wordcount_queue
[DEBUG] Process 3074757 waiting for filename...
[DEBUG] Process 3074757 got data/tiny/pg2701.txt
[DEBUG] Process 3074756 appended to wordcount_queue
[DEBUG] Process 3074756 waiting for filename...
[DEBUG] Process 3074756 got data/tiny/pg1342.txt
[DEBUG] Process 3074758 appended to wordcount_queue
[DEBUG] Process 3074758 waiting for filename...
[DEBUG] Process 3074758 got data/tiny/pg1342.txt
[DEBUG] Process 3074759 appended to wordcount_queue
[DEBUG] Process 3074759 waiting for filename...
[DEBUG] Process 3074759 got data/tiny/pg1342.txt
[DEBUG] Process 3074757 appended to wordcount_queue
[DEBUG] Process 3074757 waiting for filename...
[DEBUG] Process 3074757 got data/tiny/pg1342.txt
[DEBUG] Process 3074756 appended to wordcount_queue
[DEBUG] Process 3074756 waiting for filename...
[DEBUG] Process 3074756 got None
[DEBUG] Process 3074756 got None
[DEBUG] Process 3074756 exiting count_words_in_file
[DEBUG] Process 3074758 appended to wordcount_queue
[DEBUG] Process 3074758 waiting for filename...
[DEBUG] Process 3074758 got None
[DEBUG] Process 3074758 got None
[DEBUG] Process 3074758 exiting count_words_in_file
[DEBUG] Process 3074759 appended to wordcount_queue
[DEBUG] Process 3074759 waiting for filename...
[DEBUG] Process 3074759 got None
[DEBUG] Process 3074759 got None
[DEBUG] Process 3074759 exiting count_words_in_file
[DEBUG] Process 3074757 appended to wordcount_queue
[DEBUG] Process 3074757 waiting for filename...
[DEBUG] Process 3074757 got None
[DEBUG] Process 3074757 got None
[DEBUG] Process 3074757 exiting count_words_in_file
[DEBUG] Process 3074760 entered merge_counts
[DEBUG] Process 3074760 waiting for count dicts
slurmstepd-uranus: error: *** JOB 169271 ON uranus CANCELLED AT 2026-04-07T16:28:15 ***
